0 info it worked if it ends with ok
1 verbose cli [ '/usr/bin/node', '/usr/bin/npm', 'install' ]
2 info using npm@1.4.28
3 info using node@v0.10.37
4 verbose node symlink /usr/bin/node
5 warn package.json TodoApp@0.1.0 No repository field.
6 verbose readDependencies using package.json deps
7 verbose install where, deps [ '/home/thinksmart/SangPembelajar/MEAN-Todo-App',
7 verbose install   [ 'body-parser',
7 verbose install     'cookie-parser',
7 verbose install     'debug',
7 verbose install     'ejs',
7 verbose install     'express',
7 verbose install     'forever',
7 verbose install     'mongojs',
7 verbose install     'morgan',
7 verbose install     'gulp',
7 verbose install     'gulp-jshint',
7 verbose install     'gulp-livereload',
7 verbose install     'gulp-nodemon',
7 verbose install     'gulp-watch' ] ]
8 info preinstall TodoApp@0.1.0
9 verbose readDependencies using package.json deps
10 verbose cache add [ 'body-parser@^1.6.5', null ]
11 verbose cache add name=undefined spec="body-parser@^1.6.5" args=["body-parser@^1.6.5",null]
12 verbose parsed url { protocol: null,
12 verbose parsed url   slashes: null,
12 verbose parsed url   auth: null,
12 verbose parsed url   host: null,
12 verbose parsed url   port: null,
12 verbose parsed url   hostname: null,
12 verbose parsed url   hash: null,
12 verbose parsed url   search: null,
12 verbose parsed url   query: null,
12 verbose parsed url   pathname: 'body-parser@^1.6.5',
12 verbose parsed url   path: 'body-parser@^1.6.5',
12 verbose parsed url   href: 'body-parser@^1.6.5' }
13 verbose cache add [ 'cookie-parser@^1.3.2', null ]
14 verbose cache add name=undefined spec="cookie-parser@^1.3.2" args=["cookie-parser@^1.3.2",null]
15 verbose parsed url { protocol: null,
15 verbose parsed url   slashes: null,
15 verbose parsed url   auth: null,
15 verbose parsed url   host: null,
15 verbose parsed url   port: null,
15 verbose parsed url   hostname: null,
15 verbose parsed url   hash: null,
15 verbose parsed url   search: null,
15 verbose parsed url   query: null,
15 verbose parsed url   pathname: 'cookie-parser@^1.3.2',
15 verbose parsed url   path: 'cookie-parser@^1.3.2',
15 verbose parsed url   href: 'cookie-parser@^1.3.2' }
16 verbose cache add [ 'debug@^1.0.4', null ]
17 verbose cache add name=undefined spec="debug@^1.0.4" args=["debug@^1.0.4",null]
18 verbose parsed url { protocol: null,
18 verbose parsed url   slashes: null,
18 verbose parsed url   auth: null,
18 verbose parsed url   host: null,
18 verbose parsed url   port: null,
18 verbose parsed url   hostname: null,
18 verbose parsed url   hash: null,
18 verbose parsed url   search: null,
18 verbose parsed url   query: null,
18 verbose parsed url   pathname: 'debug@^1.0.4',
18 verbose parsed url   path: 'debug@^1.0.4',
18 verbose parsed url   href: 'debug@^1.0.4' }
19 verbose cache add [ 'ejs@^1.0.0', null ]
20 verbose cache add name=undefined spec="ejs@^1.0.0" args=["ejs@^1.0.0",null]
21 verbose parsed url { protocol: null,
21 verbose parsed url   slashes: null,
21 verbose parsed url   auth: null,
21 verbose parsed url   host: null,
21 verbose parsed url   port: null,
21 verbose parsed url   hostname: null,
21 verbose parsed url   hash: null,
21 verbose parsed url   search: null,
21 verbose parsed url   query: null,
21 verbose parsed url   pathname: 'ejs@^1.0.0',
21 verbose parsed url   path: 'ejs@^1.0.0',
21 verbose parsed url   href: 'ejs@^1.0.0' }
22 verbose cache add [ 'express@^4.8.5', null ]
23 verbose cache add name=undefined spec="express@^4.8.5" args=["express@^4.8.5",null]
24 verbose parsed url { protocol: null,
24 verbose parsed url   slashes: null,
24 verbose parsed url   auth: null,
24 verbose parsed url   host: null,
24 verbose parsed url   port: null,
24 verbose parsed url   hostname: null,
24 verbose parsed url   hash: null,
24 verbose parsed url   search: null,
24 verbose parsed url   query: null,
24 verbose parsed url   pathname: 'express@^4.8.5',
24 verbose parsed url   path: 'express@^4.8.5',
24 verbose parsed url   href: 'express@^4.8.5' }
25 verbose cache add [ 'forever@^0.11.1', null ]
26 verbose cache add name=undefined spec="forever@^0.11.1" args=["forever@^0.11.1",null]
27 verbose parsed url { protocol: null,
27 verbose parsed url   slashes: null,
27 verbose parsed url   auth: null,
27 verbose parsed url   host: null,
27 verbose parsed url   port: null,
27 verbose parsed url   hostname: null,
27 verbose parsed url   hash: null,
27 verbose parsed url   search: null,
27 verbose parsed url   query: null,
27 verbose parsed url   pathname: 'forever@^0.11.1',
27 verbose parsed url   path: 'forever@^0.11.1',
27 verbose parsed url   href: 'forever@^0.11.1' }
28 verbose cache add [ 'mongojs@^0.14.0', null ]
29 verbose cache add name=undefined spec="mongojs@^0.14.0" args=["mongojs@^0.14.0",null]
30 verbose parsed url { protocol: null,
30 verbose parsed url   slashes: null,
30 verbose parsed url   auth: null,
30 verbose parsed url   host: null,
30 verbose parsed url   port: null,
30 verbose parsed url   hostname: null,
30 verbose parsed url   hash: null,
30 verbose parsed url   search: null,
30 verbose parsed url   query: null,
30 verbose parsed url   pathname: 'mongojs@^0.14.0',
30 verbose parsed url   path: 'mongojs@^0.14.0',
30 verbose parsed url   href: 'mongojs@^0.14.0' }
31 verbose cache add name="body-parser" spec="^1.6.5" args=["body-parser","^1.6.5"]
32 verbose parsed url { protocol: null,
32 verbose parsed url   slashes: null,
32 verbose parsed url   auth: null,
32 verbose parsed url   host: null,
32 verbose parsed url   port: null,
32 verbose parsed url   hostname: null,
32 verbose parsed url   hash: null,
32 verbose parsed url   search: null,
32 verbose parsed url   query: null,
32 verbose parsed url   pathname: '^1.6.5',
32 verbose parsed url   path: '^1.6.5',
32 verbose parsed url   href: '^1.6.5' }
33 verbose addNamed [ 'body-parser', '^1.6.5' ]
34 verbose addNamed [ null, '>=1.6.5-0 <2.0.0-0' ]
35 verbose cache add name="cookie-parser" spec="^1.3.2" args=["cookie-parser","^1.3.2"]
36 verbose parsed url { protocol: null,
36 verbose parsed url   slashes: null,
36 verbose parsed url   auth: null,
36 verbose parsed url   host: null,
36 verbose parsed url   port: null,
36 verbose parsed url   hostname: null,
36 verbose parsed url   hash: null,
36 verbose parsed url   search: null,
36 verbose parsed url   query: null,
36 verbose parsed url   pathname: '^1.3.2',
36 verbose parsed url   path: '^1.3.2',
36 verbose parsed url   href: '^1.3.2' }
37 verbose addNamed [ 'cookie-parser', '^1.3.2' ]
38 verbose addNamed [ null, '>=1.3.2-0 <2.0.0-0' ]
39 verbose cache add name="debug" spec="^1.0.4" args=["debug","^1.0.4"]
40 verbose parsed url { protocol: null,
40 verbose parsed url   slashes: null,
40 verbose parsed url   auth: null,
40 verbose parsed url   host: null,
40 verbose parsed url   port: null,
40 verbose parsed url   hostname: null,
40 verbose parsed url   hash: null,
40 verbose parsed url   search: null,
40 verbose parsed url   query: null,
40 verbose parsed url   pathname: '^1.0.4',
40 verbose parsed url   path: '^1.0.4',
40 verbose parsed url   href: '^1.0.4' }
41 verbose addNamed [ 'debug', '^1.0.4' ]
42 verbose addNamed [ null, '>=1.0.4-0 <2.0.0-0' ]
43 verbose cache add name="ejs" spec="^1.0.0" args=["ejs","^1.0.0"]
44 verbose parsed url { protocol: null,
44 verbose parsed url   slashes: null,
44 verbose parsed url   auth: null,
44 verbose parsed url   host: null,
44 verbose parsed url   port: null,
44 verbose parsed url   hostname: null,
44 verbose parsed url   hash: null,
44 verbose parsed url   search: null,
44 verbose parsed url   query: null,
44 verbose parsed url   pathname: '^1.0.0',
44 verbose parsed url   path: '^1.0.0',
44 verbose parsed url   href: '^1.0.0' }
45 verbose addNamed [ 'ejs', '^1.0.0' ]
46 verbose addNamed [ null, '>=1.0.0-0 <2.0.0-0' ]
47 verbose cache add name="express" spec="^4.8.5" args=["express","^4.8.5"]
48 verbose parsed url { protocol: null,
48 verbose parsed url   slashes: null,
48 verbose parsed url   auth: null,
48 verbose parsed url   host: null,
48 verbose parsed url   port: null,
48 verbose parsed url   hostname: null,
48 verbose parsed url   hash: null,
48 verbose parsed url   search: null,
48 verbose parsed url   query: null,
48 verbose parsed url   pathname: '^4.8.5',
48 verbose parsed url   path: '^4.8.5',
48 verbose parsed url   href: '^4.8.5' }
49 verbose addNamed [ 'express', '^4.8.5' ]
50 verbose addNamed [ null, '>=4.8.5-0 <5.0.0-0' ]
51 verbose cache add name="forever" spec="^0.11.1" args=["forever","^0.11.1"]
52 verbose parsed url { protocol: null,
52 verbose parsed url   slashes: null,
52 verbose parsed url   auth: null,
52 verbose parsed url   host: null,
52 verbose parsed url   port: null,
52 verbose parsed url   hostname: null,
52 verbose parsed url   hash: null,
52 verbose parsed url   search: null,
52 verbose parsed url   query: null,
52 verbose parsed url   pathname: '^0.11.1',
52 verbose parsed url   path: '^0.11.1',
52 verbose parsed url   href: '^0.11.1' }
53 verbose addNamed [ 'forever', '^0.11.1' ]
54 verbose addNamed [ null, '>=0.11.1-0 <0.12.0-0' ]
55 verbose cache add [ 'morgan@^1.2.3', null ]
56 verbose cache add name=undefined spec="morgan@^1.2.3" args=["morgan@^1.2.3",null]
57 verbose parsed url { protocol: null,
57 verbose parsed url   slashes: null,
57 verbose parsed url   auth: null,
57 verbose parsed url   host: null,
57 verbose parsed url   port: null,
57 verbose parsed url   hostname: null,
57 verbose parsed url   hash: null,
57 verbose parsed url   search: null,
57 verbose parsed url   query: null,
57 verbose parsed url   pathname: 'morgan@^1.2.3',
57 verbose parsed url   path: 'morgan@^1.2.3',
57 verbose parsed url   href: 'morgan@^1.2.3' }
58 verbose cache add [ 'gulp@^3.8.7', null ]
59 verbose cache add name=undefined spec="gulp@^3.8.7" args=["gulp@^3.8.7",null]
60 verbose parsed url { protocol: null,
60 verbose parsed url   slashes: null,
60 verbose parsed url   auth: null,
60 verbose parsed url   host: null,
60 verbose parsed url   port: null,
60 verbose parsed url   hostname: null,
60 verbose parsed url   hash: null,
60 verbose parsed url   search: null,
60 verbose parsed url   query: null,
60 verbose parsed url   pathname: 'gulp@^3.8.7',
60 verbose parsed url   path: 'gulp@^3.8.7',
60 verbose parsed url   href: 'gulp@^3.8.7' }
61 verbose cache add [ 'gulp-jshint@^1.8.4', null ]
62 verbose cache add name=undefined spec="gulp-jshint@^1.8.4" args=["gulp-jshint@^1.8.4",null]
63 verbose parsed url { protocol: null,
63 verbose parsed url   slashes: null,
63 verbose parsed url   auth: null,
63 verbose parsed url   host: null,
63 verbose parsed url   port: null,
63 verbose parsed url   hostname: null,
63 verbose parsed url   hash: null,
63 verbose parsed url   search: null,
63 verbose parsed url   query: null,
63 verbose parsed url   pathname: 'gulp-jshint@^1.8.4',
63 verbose parsed url   path: 'gulp-jshint@^1.8.4',
63 verbose parsed url   href: 'gulp-jshint@^1.8.4' }
64 verbose cache add [ 'gulp-livereload@^2.1.1', null ]
65 verbose cache add name=undefined spec="gulp-livereload@^2.1.1" args=["gulp-livereload@^2.1.1",null]
66 verbose parsed url { protocol: null,
66 verbose parsed url   slashes: null,
66 verbose parsed url   auth: null,
66 verbose parsed url   host: null,
66 verbose parsed url   port: null,
66 verbose parsed url   hostname: null,
66 verbose parsed url   hash: null,
66 verbose parsed url   search: null,
66 verbose parsed url   query: null,
66 verbose parsed url   pathname: 'gulp-livereload@^2.1.1',
66 verbose parsed url   path: 'gulp-livereload@^2.1.1',
66 verbose parsed url   href: 'gulp-livereload@^2.1.1' }
67 verbose cache add [ 'gulp-nodemon@^1.0.4', null ]
68 verbose cache add name=undefined spec="gulp-nodemon@^1.0.4" args=["gulp-nodemon@^1.0.4",null]
69 verbose parsed url { protocol: null,
69 verbose parsed url   slashes: null,
69 verbose parsed url   auth: null,
69 verbose parsed url   host: null,
69 verbose parsed url   port: null,
69 verbose parsed url   hostname: null,
69 verbose parsed url   hash: null,
69 verbose parsed url   search: null,
69 verbose parsed url   query: null,
69 verbose parsed url   pathname: 'gulp-nodemon@^1.0.4',
69 verbose parsed url   path: 'gulp-nodemon@^1.0.4',
69 verbose parsed url   href: 'gulp-nodemon@^1.0.4' }
70 verbose cache add [ 'gulp-watch@^0.6.9', null ]
71 verbose cache add name=undefined spec="gulp-watch@^0.6.9" args=["gulp-watch@^0.6.9",null]
72 verbose parsed url { protocol: null,
72 verbose parsed url   slashes: null,
72 verbose parsed url   auth: null,
72 verbose parsed url   host: null,
72 verbose parsed url   port: null,
72 verbose parsed url   hostname: null,
72 verbose parsed url   hash: null,
72 verbose parsed url   search: null,
72 verbose parsed url   query: null,
72 verbose parsed url   pathname: 'gulp-watch@^0.6.9',
72 verbose parsed url   path: 'gulp-watch@^0.6.9',
72 verbose parsed url   href: 'gulp-watch@^0.6.9' }
73 verbose cache add name="mongojs" spec="^0.14.0" args=["mongojs","^0.14.0"]
74 verbose parsed url { protocol: null,
74 verbose parsed url   slashes: null,
74 verbose parsed url   auth: null,
74 verbose parsed url   host: null,
74 verbose parsed url   port: null,
74 verbose parsed url   hostname: null,
74 verbose parsed url   hash: null,
74 verbose parsed url   search: null,
74 verbose parsed url   query: null,
74 verbose parsed url   pathname: '^0.14.0',
74 verbose parsed url   path: '^0.14.0',
74 verbose parsed url   href: '^0.14.0' }
75 verbose addNamed [ 'mongojs', '^0.14.0' ]
76 verbose addNamed [ null, '>=0.14.0-0 <0.15.0-0' ]
77 silly lockFile bba87e0b-body-parser-1-6-5 body-parser@^1.6.5
78 verbose lock body-parser@^1.6.5 /home/thinksmart/.npm/bba87e0b-body-parser-1-6-5.lock
79 silly lockFile 8b931cd2-cookie-parser-1-3-2 cookie-parser@^1.3.2
80 verbose lock cookie-parser@^1.3.2 /home/thinksmart/.npm/8b931cd2-cookie-parser-1-3-2.lock
81 silly lockFile a596e140-debug-1-0-4 debug@^1.0.4
82 verbose lock debug@^1.0.4 /home/thinksmart/.npm/a596e140-debug-1-0-4.lock
83 silly lockFile b798bccb-ejs-1-0-0 ejs@^1.0.0
84 verbose lock ejs@^1.0.0 /home/thinksmart/.npm/b798bccb-ejs-1-0-0.lock
85 silly lockFile f6704440-express-4-8-5 express@^4.8.5
86 verbose lock express@^4.8.5 /home/thinksmart/.npm/f6704440-express-4-8-5.lock
87 silly lockFile 969906b6-forever-0-11-1 forever@^0.11.1
88 verbose lock forever@^0.11.1 /home/thinksmart/.npm/969906b6-forever-0-11-1.lock
89 silly lockFile 799f2697-mongojs-0-14-0 mongojs@^0.14.0
90 verbose lock mongojs@^0.14.0 /home/thinksmart/.npm/799f2697-mongojs-0-14-0.lock
91 verbose cache add name="morgan" spec="^1.2.3" args=["morgan","^1.2.3"]
92 verbose parsed url { protocol: null,
92 verbose parsed url   slashes: null,
92 verbose parsed url   auth: null,
92 verbose parsed url   host: null,
92 verbose parsed url   port: null,
92 verbose parsed url   hostname: null,
92 verbose parsed url   hash: null,
92 verbose parsed url   search: null,
92 verbose parsed url   query: null,
92 verbose parsed url   pathname: '^1.2.3',
92 verbose parsed url   path: '^1.2.3',
92 verbose parsed url   href: '^1.2.3' }
93 verbose addNamed [ 'morgan', '^1.2.3' ]
94 verbose addNamed [ null, '>=1.2.3-0 <2.0.0-0' ]
95 silly lockFile 9aaf96cf-morgan-1-2-3 morgan@^1.2.3
96 verbose lock morgan@^1.2.3 /home/thinksmart/.npm/9aaf96cf-morgan-1-2-3.lock
97 verbose cache add name="gulp" spec="^3.8.7" args=["gulp","^3.8.7"]
98 verbose parsed url { protocol: null,
98 verbose parsed url   slashes: null,
98 verbose parsed url   auth: null,
98 verbose parsed url   host: null,
98 verbose parsed url   port: null,
98 verbose parsed url   hostname: null,
98 verbose parsed url   hash: null,
98 verbose parsed url   search: null,
98 verbose parsed url   query: null,
98 verbose parsed url   pathname: '^3.8.7',
98 verbose parsed url   path: '^3.8.7',
98 verbose parsed url   href: '^3.8.7' }
99 verbose addNamed [ 'gulp', '^3.8.7' ]
100 verbose addNamed [ null, '>=3.8.7-0 <4.0.0-0' ]
101 silly lockFile f00a0921-gulp-3-8-7 gulp@^3.8.7
102 verbose lock gulp@^3.8.7 /home/thinksmart/.npm/f00a0921-gulp-3-8-7.lock
103 verbose cache add name="gulp-jshint" spec="^1.8.4" args=["gulp-jshint","^1.8.4"]
104 verbose parsed url { protocol: null,
104 verbose parsed url   slashes: null,
104 verbose parsed url   auth: null,
104 verbose parsed url   host: null,
104 verbose parsed url   port: null,
104 verbose parsed url   hostname: null,
104 verbose parsed url   hash: null,
104 verbose parsed url   search: null,
104 verbose parsed url   query: null,
104 verbose parsed url   pathname: '^1.8.4',
104 verbose parsed url   path: '^1.8.4',
104 verbose parsed url   href: '^1.8.4' }
105 verbose addNamed [ 'gulp-jshint', '^1.8.4' ]
106 verbose addNamed [ null, '>=1.8.4-0 <2.0.0-0' ]
107 silly lockFile ba46c3d3-gulp-jshint-1-8-4 gulp-jshint@^1.8.4
108 verbose lock gulp-jshint@^1.8.4 /home/thinksmart/.npm/ba46c3d3-gulp-jshint-1-8-4.lock
109 verbose cache add name="gulp-livereload" spec="^2.1.1" args=["gulp-livereload","^2.1.1"]
110 verbose parsed url { protocol: null,
110 verbose parsed url   slashes: null,
110 verbose parsed url   auth: null,
110 verbose parsed url   host: null,
110 verbose parsed url   port: null,
110 verbose parsed url   hostname: null,
110 verbose parsed url   hash: null,
110 verbose parsed url   search: null,
110 verbose parsed url   query: null,
110 verbose parsed url   pathname: '^2.1.1',
110 verbose parsed url   path: '^2.1.1',
110 verbose parsed url   href: '^2.1.1' }
111 verbose addNamed [ 'gulp-livereload', '^2.1.1' ]
112 verbose addNamed [ null, '>=2.1.1-0 <3.0.0-0' ]
113 silly lockFile 6983c389-gulp-livereload-2-1-1 gulp-livereload@^2.1.1
114 verbose lock gulp-livereload@^2.1.1 /home/thinksmart/.npm/6983c389-gulp-livereload-2-1-1.lock
115 verbose cache add name="gulp-nodemon" spec="^1.0.4" args=["gulp-nodemon","^1.0.4"]
116 verbose parsed url { protocol: null,
116 verbose parsed url   slashes: null,
116 verbose parsed url   auth: null,
116 verbose parsed url   host: null,
116 verbose parsed url   port: null,
116 verbose parsed url   hostname: null,
116 verbose parsed url   hash: null,
116 verbose parsed url   search: null,
116 verbose parsed url   query: null,
116 verbose parsed url   pathname: '^1.0.4',
116 verbose parsed url   path: '^1.0.4',
116 verbose parsed url   href: '^1.0.4' }
117 verbose addNamed [ 'gulp-nodemon', '^1.0.4' ]
118 verbose addNamed [ null, '>=1.0.4-0 <2.0.0-0' ]
119 silly lockFile ac7cb6f0-gulp-nodemon-1-0-4 gulp-nodemon@^1.0.4
120 verbose lock gulp-nodemon@^1.0.4 /home/thinksmart/.npm/ac7cb6f0-gulp-nodemon-1-0-4.lock
121 verbose cache add name="gulp-watch" spec="^0.6.9" args=["gulp-watch","^0.6.9"]
122 verbose parsed url { protocol: null,
122 verbose parsed url   slashes: null,
122 verbose parsed url   auth: null,
122 verbose parsed url   host: null,
122 verbose parsed url   port: null,
122 verbose parsed url   hostname: null,
122 verbose parsed url   hash: null,
122 verbose parsed url   search: null,
122 verbose parsed url   query: null,
122 verbose parsed url   pathname: '^0.6.9',
122 verbose parsed url   path: '^0.6.9',
122 verbose parsed url   href: '^0.6.9' }
123 verbose addNamed [ 'gulp-watch', '^0.6.9' ]
124 verbose addNamed [ null, '>=0.6.9-0 <0.7.0-0' ]
125 silly lockFile e1863bfd-gulp-watch-0-6-9 gulp-watch@^0.6.9
126 verbose lock gulp-watch@^0.6.9 /home/thinksmart/.npm/e1863bfd-gulp-watch-0-6-9.lock
127 silly addNameRange { name: 'body-parser',
127 silly addNameRange   range: '>=1.6.5-0 <2.0.0-0',
127 silly addNameRange   hasData: false }
128 silly addNameRange { name: 'cookie-parser',
128 silly addNameRange   range: '>=1.3.2-0 <2.0.0-0',
128 silly addNameRange   hasData: false }
129 silly addNameRange { name: 'forever',
129 silly addNameRange   range: '>=0.11.1-0 <0.12.0-0',
129 silly addNameRange   hasData: false }
130 silly addNameRange { name: 'mongojs',
130 silly addNameRange   range: '>=0.14.0-0 <0.15.0-0',
130 silly addNameRange   hasData: false }
131 silly addNameRange { name: 'debug', range: '>=1.0.4-0 <2.0.0-0', hasData: false }
132 silly addNameRange { name: 'morgan', range: '>=1.2.3-0 <2.0.0-0', hasData: false }
133 silly addNameRange { name: 'gulp', range: '>=3.8.7-0 <4.0.0-0', hasData: false }
134 silly addNameRange { name: 'gulp-jshint',
134 silly addNameRange   range: '>=1.8.4-0 <2.0.0-0',
134 silly addNameRange   hasData: false }
135 silly addNameRange { name: 'gulp-nodemon',
135 silly addNameRange   range: '>=1.0.4-0 <2.0.0-0',
135 silly addNameRange   hasData: false }
136 silly addNameRange { name: 'gulp-watch',
136 silly addNameRange   range: '>=0.6.9-0 <0.7.0-0',
136 silly addNameRange   hasData: false }
137 verbose request where is /mongojs
138 verbose request registry https://registry.npmjs.org/
139 verbose request id 6d266ac246f90368
140 verbose url raw /mongojs
141 verbose url resolving [ 'https://registry.npmjs.org/', './mongojs' ]
142 verbose url resolved https://registry.npmjs.org/mongojs
143 verbose request where is https://registry.npmjs.org/mongojs
144 info trying registry request attempt 1 at 17:35:55
145 http GET https://registry.npmjs.org/mongojs
146 verbose request where is /forever
147 verbose request registry https://registry.npmjs.org/
148 verbose url raw /forever
149 verbose url resolving [ 'https://registry.npmjs.org/', './forever' ]
150 verbose url resolved https://registry.npmjs.org/forever
151 verbose request where is https://registry.npmjs.org/forever
152 info trying registry request attempt 1 at 17:35:55
153 http GET https://registry.npmjs.org/forever
154 silly addNameRange { name: 'ejs', range: '>=1.0.0-0 <2.0.0-0', hasData: false }
155 silly addNameRange { name: 'express', range: '>=4.8.5-0 <5.0.0-0', hasData: false }
156 silly addNameRange { name: 'gulp-livereload',
156 silly addNameRange   range: '>=2.1.1-0 <3.0.0-0',
156 silly addNameRange   hasData: false }
157 verbose request where is /gulp-nodemon
158 verbose request registry https://registry.npmjs.org/
159 verbose url raw /gulp-nodemon
160 verbose url resolving [ 'https://registry.npmjs.org/', './gulp-nodemon' ]
161 verbose url resolved https://registry.npmjs.org/gulp-nodemon
162 verbose request where is https://registry.npmjs.org/gulp-nodemon
163 info trying registry request attempt 1 at 17:35:55
164 http GET https://registry.npmjs.org/gulp-nodemon
165 verbose request where is /gulp-watch
166 verbose request registry https://registry.npmjs.org/
167 verbose url raw /gulp-watch
168 verbose url resolving [ 'https://registry.npmjs.org/', './gulp-watch' ]
169 verbose url resolved https://registry.npmjs.org/gulp-watch
170 verbose request where is https://registry.npmjs.org/gulp-watch
171 info trying registry request attempt 1 at 17:35:55
172 http GET https://registry.npmjs.org/gulp-watch
173 verbose request where is /debug
174 verbose request registry https://registry.npmjs.org/
175 verbose url raw /debug
176 verbose url resolving [ 'https://registry.npmjs.org/', './debug' ]
177 verbose url resolved https://registry.npmjs.org/debug
178 verbose request where is https://registry.npmjs.org/debug
179 info trying registry request attempt 1 at 17:35:56
180 verbose etag "EW5UXMIKLKE6U10GTHLWG6M8F"
181 http GET https://registry.npmjs.org/debug
182 verbose request where is /body-parser
183 verbose request registry https://registry.npmjs.org/
184 verbose url raw /body-parser
185 verbose url resolving [ 'https://registry.npmjs.org/', './body-parser' ]
186 verbose url resolved https://registry.npmjs.org/body-parser
187 verbose request where is https://registry.npmjs.org/body-parser
188 info trying registry request attempt 1 at 17:35:56
189 verbose etag "971E3ZIAJ2SVFIFQH6XAGGE9T"
190 http GET https://registry.npmjs.org/body-parser
191 verbose request where is /gulp-jshint
192 verbose request registry https://registry.npmjs.org/
193 verbose url raw /gulp-jshint
194 verbose url resolving [ 'https://registry.npmjs.org/', './gulp-jshint' ]
195 verbose url resolved https://registry.npmjs.org/gulp-jshint
196 verbose request where is https://registry.npmjs.org/gulp-jshint
197 info trying registry request attempt 1 at 17:35:56
198 verbose etag "8K87NR5WU4UTS0NYWK8TBQIC6"
199 http GET https://registry.npmjs.org/gulp-jshint
200 verbose request where is /gulp
201 verbose request registry https://registry.npmjs.org/
202 verbose url raw /gulp
203 verbose url resolving [ 'https://registry.npmjs.org/', './gulp' ]
204 verbose url resolved https://registry.npmjs.org/gulp
205 verbose request where is https://registry.npmjs.org/gulp
206 info trying registry request attempt 1 at 17:35:56
207 verbose etag "DBMGUVGANFVKV9ZQL7ALL72B8"
208 http GET https://registry.npmjs.org/gulp
209 verbose request where is /ejs
210 verbose request registry https://registry.npmjs.org/
211 verbose url raw /ejs
212 verbose url resolving [ 'https://registry.npmjs.org/', './ejs' ]
213 verbose url resolved https://registry.npmjs.org/ejs
214 verbose request where is https://registry.npmjs.org/ejs
215 info trying registry request attempt 1 at 17:35:56
216 verbose etag "DTDH5CLNY0NPHXDZ72601SXBI"
217 http GET https://registry.npmjs.org/ejs
218 verbose request where is /express
219 verbose request registry https://registry.npmjs.org/
220 verbose url raw /express
221 verbose url resolving [ 'https://registry.npmjs.org/', './express' ]
222 verbose url resolved https://registry.npmjs.org/express
223 verbose request where is https://registry.npmjs.org/express
224 info trying registry request attempt 1 at 17:35:56
225 verbose etag "ACS4B43OMTYCBDSB1QPBJG6LF"
226 http GET https://registry.npmjs.org/express
227 verbose request where is /gulp-livereload
228 verbose request registry https://registry.npmjs.org/
229 verbose url raw /gulp-livereload
230 verbose url resolving [ 'https://registry.npmjs.org/', './gulp-livereload' ]
231 verbose url resolved https://registry.npmjs.org/gulp-livereload
232 verbose request where is https://registry.npmjs.org/gulp-livereload
233 info trying registry request attempt 1 at 17:35:56
234 verbose etag "4UC7YOEYLG6WV2DSG6EZQ98CT"
235 http GET https://registry.npmjs.org/gulp-livereload
236 verbose request where is /cookie-parser
237 verbose request registry https://registry.npmjs.org/
238 verbose url raw /cookie-parser
239 verbose url resolving [ 'https://registry.npmjs.org/', './cookie-parser' ]
240 verbose url resolved https://registry.npmjs.org/cookie-parser
241 verbose request where is https://registry.npmjs.org/cookie-parser
242 info trying registry request attempt 1 at 17:35:56
243 verbose etag "ATOU130F5J4CW554NZMOJYLMR"
244 http GET https://registry.npmjs.org/cookie-parser
245 verbose request where is /morgan
246 verbose request registry https://registry.npmjs.org/
247 verbose url raw /morgan
248 verbose url resolving [ 'https://registry.npmjs.org/', './morgan' ]
249 verbose url resolved https://registry.npmjs.org/morgan
250 verbose request where is https://registry.npmjs.org/morgan
251 info trying registry request attempt 1 at 17:35:56
252 verbose etag "4XUYK78AX6OPW2P3IXCSVOVFR"
253 http GET https://registry.npmjs.org/morgan
254 http 200 https://registry.npmjs.org/forever
255 silly registry.get cb [ 200,
255 silly registry.get   { server: 'CouchDB/1.5.0 (Erlang OTP/R16B03)',
255 silly registry.get     etag: '"AMHWWBR1Q9A33N3MNICW5XDQY"',
255 silly registry.get     'content-type': 'application/json',
255 silly registry.get     'cache-control': 'max-age=60',
255 silly registry.get     'content-length': '83173',
255 silly registry.get     'accept-ranges': 'bytes',
255 silly registry.get     date: 'Wed, 28 Oct 2015 10:37:46 GMT',
255 silly registry.get     via: '1.1 varnish',
255 silly registry.get     age: '29',
255 silly registry.get     connection: 'keep-alive',
255 silly registry.get     'x-served-by': 'cache-sin6927-SIN',
255 silly registry.get     'x-cache': 'HIT',
255 silly registry.get     'x-cache-hits': '3',
255 silly registry.get     'x-timer': 'S1446028666.265178,VS0,VE0',
255 silly registry.get     vary: 'Accept' } ]
256 http 304 https://registry.npmjs.org/debug
257 silly registry.get cb [ 304,
257 silly registry.get   { date: 'Wed, 28 Oct 2015 10:37:46 GMT',
257 silly registry.get     via: '1.1 varnish',
257 silly registry.get     'cache-control': 'max-age=60',
257 silly registry.get     etag: '"EW5UXMIKLKE6U10GTHLWG6M8F"',
257 silly registry.get     age: '49',
257 silly registry.get     connection: 'keep-alive',
257 silly registry.get     'x-served-by': 'cache-sin6922-SIN',
257 silly registry.get     'x-cache': 'HIT',
257 silly registry.get     'x-cache-hits': '6',
257 silly registry.get     'x-timer': 'S1446028666.595462,VS0,VE0',
257 silly registry.get     vary: 'Accept' } ]
258 verbose etag https://registry.npmjs.org/debug from cache
259 silly addNameRange number 2 { name: 'debug', range: '>=1.0.4-0 <2.0.0-0', hasData: true }
260 silly addNameRange versions [ 'debug',
260 silly addNameRange   [ '0.0.1',
260 silly addNameRange     '0.1.0',
260 silly addNameRange     '0.2.0',
260 silly addNameRange     '0.3.0',
260 silly addNameRange     '0.4.0',
260 silly addNameRange     '0.4.1',
260 silly addNameRange     '0.5.0',
260 silly addNameRange     '0.6.0',
260 silly addNameRange     '0.7.0',
260 silly addNameRange     '0.7.1',
260 silly addNameRange     '0.7.2',
260 silly addNameRange     '0.7.3',
260 silly addNameRange     '0.7.4',
260 silly addNameRange     '0.8.0',
260 silly addNameRange     '0.8.1',
260 silly addNameRange     '1.0.0',
260 silly addNameRange     '1.0.1',
260 silly addNameRange     '1.0.2',
260 silly addNameRange     '1.0.3',
260 silly addNameRange     '1.0.4',
260 silly addNameRange     '2.0.0',
260 silly addNameRange     '2.1.0',
260 silly addNameRange     '2.1.1',
260 silly addNameRange     '2.1.2',
260 silly addNameRange     '2.1.3',
260 silly addNameRange     '2.2.0' ] ]
261 verbose addNamed [ 'debug', '1.0.4' ]
262 verbose addNamed [ '1.0.4', '1.0.4' ]
263 silly lockFile 4b7cd263-debug-1-0-4 debug@1.0.4
264 verbose lock debug@1.0.4 /home/thinksmart/.npm/4b7cd263-debug-1-0-4.lock
265 silly addNameRange number 2 { name: 'forever', range: '>=0.11.1-0 <0.12.0-0', hasData: true }
266 silly addNameRange versions [ 'forever',
266 silly addNameRange   [ '0.6.0',
266 silly addNameRange     '0.6.1',
266 silly addNameRange     '0.6.2',
266 silly addNameRange     '0.6.3',
266 silly addNameRange     '0.6.4',
266 silly addNameRange     '0.6.5',
266 silly addNameRange     '0.6.6',
266 silly addNameRange     '0.6.7',
266 silly addNameRange     '0.6.8',
266 silly addNameRange     '0.6.9',
266 silly addNameRange     '0.7.0',
266 silly addNameRange     '0.7.1',
266 silly addNameRange     '0.7.2',
266 silly addNameRange     '0.7.3',
266 silly addNameRange     '0.7.4',
266 silly addNameRange     '0.7.5',
266 silly addNameRange     '0.8.0',
266 silly addNameRange     '0.8.1',
266 silly addNameRange     '0.8.2',
266 silly addNameRange     '0.8.3',
266 silly addNameRange     '0.8.4',
266 silly addNameRange     '0.8.5',
266 silly addNameRange     '0.9.0',
266 silly addNameRange     '0.9.1',
266 silly addNameRange     '0.9.2',
266 silly addNameRange     '0.10.0',
266 silly addNameRange     '0.10.5',
266 silly addNameRange     '0.10.6',
266 silly addNameRange     '0.10.7',
266 silly addNameRange     '0.10.8',
266 silly addNameRange     '0.10.9',
266 silly addNameRange     '0.10.10',
266 silly addNameRange     '0.10.11',
266 silly addNameRange     '0.11.0',
266 silly addNameRange     '0.11.1',
266 silly addNameRange     '0.12.0',
266 silly addNameRange     '0.13.0',
266 silly addNameRange     '0.14.1',
266 silly addNameRange     '0.14.2',
266 silly addNameRange     '0.15.0',
266 silly addNameRange     '0.15.1' ] ]
267 verbose addNamed [ 'forever', '0.11.1' ]
268 verbose addNamed [ '0.11.1', '0.11.1' ]
269 silly lockFile 4466a206-forever-0-11-1 forever@0.11.1
270 verbose lock forever@0.11.1 /home/thinksmart/.npm/4466a206-forever-0-11-1.lock
271 http 200 https://registry.npmjs.org/gulp-nodemon
272 silly registry.get cb [ 200,
272 silly registry.get   { server: 'CouchDB/1.5.0 (Erlang OTP/R16B03)',
272 silly registry.get     etag: '"DPX4HSAOH3Q2PTAD2C0NTOV2C"',
272 silly registry.get     'content-type': 'application/json',
272 silly registry.get     'cache-control': 'max-age=60',
272 silly registry.get     'content-length': '24828',
272 silly registry.get     'accept-ranges': 'bytes',
272 silly registry.get     date: 'Wed, 28 Oct 2015 10:37:46 GMT',
272 silly registry.get     via: '1.1 varnish',
272 silly registry.get     age: '0',
272 silly registry.get     connection: 'keep-alive',
272 silly registry.get     'x-served-by': 'cache-sin6921-SIN',
272 silly registry.get     'x-cache': 'HIT',
272 silly registry.get     'x-cache-hits': '1',
272 silly registry.get     'x-timer': 'S1446028666.267182,VS0,VE211',
272 silly registry.get     vary: 'Accept' } ]
273 silly addNameRange number 2 { name: 'gulp-nodemon',
273 silly addNameRange   range: '>=1.0.4-0 <2.0.0-0',
273 silly addNameRange   hasData: true }
274 silly addNameRange versions [ 'gulp-nodemon',
274 silly addNameRange   [ '0.0.1',
274 silly addNameRange     '0.0.2',
274 silly addNameRange     '0.0.3',
274 silly addNameRange     '0.1.0',
274 silly addNameRange     '0.1.1',
274 silly addNameRange     '0.1.2',
274 silly addNameRange     '1.0.0',
274 silly addNameRange     '1.0.1',
274 silly addNameRange     '1.0.2',
274 silly addNameRange     '1.0.3',
274 silly addNameRange     '1.0.4',
274 silly addNameRange     '1.0.5',
274 silly addNameRange     '2.0.0',
274 silly addNameRange     '2.0.1',
274 silly addNameRange     '2.0.2',
274 silly addNameRange     '2.0.3',
274 silly addNameRange     '2.0.4' ] ]
275 verbose addNamed [ 'gulp-nodemon', '1.0.5' ]
276 verbose addNamed [ '1.0.5', '1.0.5' ]
277 silly lockFile cba081b0-gulp-nodemon-1-0-5 gulp-nodemon@1.0.5
278 verbose lock gulp-nodemon@1.0.5 /home/thinksmart/.npm/cba081b0-gulp-nodemon-1-0-5.lock
279 silly lockFile 10f1a948-s-org-forever-forever-0-11-1-tgz https://registry.npmjs.org/forever/-/forever-0.11.1.tgz
280 verbose lock https://registry.npmjs.org/forever/-/forever-0.11.1.tgz /home/thinksmart/.npm/10f1a948-s-org-forever-forever-0-11-1-tgz.lock
281 silly lockFile 9275cef1-p-nodemon-gulp-nodemon-1-0-5-tgz https://registry.npmjs.org/gulp-nodemon/-/gulp-nodemon-1.0.5.tgz
282 verbose lock https://registry.npmjs.org/gulp-nodemon/-/gulp-nodemon-1.0.5.tgz /home/thinksmart/.npm/9275cef1-p-nodemon-gulp-nodemon-1-0-5-tgz.lock
283 verbose addRemoteTarball [ 'https://registry.npmjs.org/forever/-/forever-0.11.1.tgz',
283 verbose addRemoteTarball   '50ac8744c0a6e0c266524c4746397f74d6b09c5b' ]
284 verbose addRemoteTarball [ 'https://registry.npmjs.org/gulp-nodemon/-/gulp-nodemon-1.0.5.tgz',
284 verbose addRemoteTarball   '08d7ead2e557de0592f5ed4b98a4177086065a7b' ]
285 info retry fetch attempt 1 at 17:35:57
286 verbose fetch to= /tmp/npm-8243-b0hfTqNd/registry.npmjs.org/gulp-nodemon/-/gulp-nodemon-1.0.5.tgz
287 info retry fetch attempt 1 at 17:35:57
288 verbose fetch to= /tmp/npm-8243-b0hfTqNd/registry.npmjs.org/forever/-/forever-0.11.1.tgz
289 http GET https://registry.npmjs.org/gulp-nodemon/-/gulp-nodemon-1.0.5.tgz
290 http GET https://registry.npmjs.org/forever/-/forever-0.11.1.tgz
291 silly lockFile 4b7cd263-debug-1-0-4 debug@1.0.4
292 silly lockFile 4b7cd263-debug-1-0-4 debug@1.0.4
293 silly lockFile a596e140-debug-1-0-4 debug@^1.0.4
294 silly lockFile a596e140-debug-1-0-4 debug@^1.0.4
295 http 200 https://registry.npmjs.org/gulp-watch
296 silly registry.get cb [ 200,
296 silly registry.get   { server: 'CouchDB/1.5.0 (Erlang OTP/R16B03)',
296 silly registry.get     etag: '"EDC3RNEOYDWXQ2CHQKFN1Y9DE"',
296 silly registry.get     'content-type': 'application/json',
296 silly registry.get     'cache-control': 'max-age=60',
296 silly registry.get     'content-length': '116362',
296 silly registry.get     'accept-ranges': 'bytes',
296 silly registry.get     date: 'Wed, 28 Oct 2015 10:37:46 GMT',
296 silly registry.get     via: '1.1 varnish',
296 silly registry.get     age: '0',
296 silly registry.get     connection: 'keep-alive',
296 silly registry.get     'x-served-by': 'cache-sin6922-SIN',
296 silly registry.get     'x-cache': 'HIT',
296 silly registry.get     'x-cache-hits': '1',
296 silly registry.get     'x-timer': 'S1446028666.271263,VS0,VE217',
296 silly registry.get     vary: 'Accept' } ]
297 http 304 https://registry.npmjs.org/gulp-jshint
298 silly registry.get cb [ 304,
298 silly registry.get   { date: 'Wed, 28 Oct 2015 10:37:47 GMT',
298 silly registry.get     via: '1.1 varnish',
298 silly registry.get     'cache-control': 'max-age=60',
298 silly registry.get     etag: '"8K87NR5WU4UTS0NYWK8TBQIC6"',
298 silly registry.get     age: '0',
298 silly registry.get     connection: 'keep-alive',
298 silly registry.get     'x-served-by': 'cache-sin6922-SIN',
298 silly registry.get     'x-cache': 'HIT',
298 silly registry.get     'x-cache-hits': '1',
298 silly registry.get     'x-timer': 'S1446028667.133195,VS0,VE1023',
298 silly registry.get     vary: 'Accept' } ]
299 verbose etag https://registry.npmjs.org/gulp-jshint from cache
300 silly addNameRange number 2 { name: 'gulp-watch',
300 silly addNameRange   range: '>=0.6.9-0 <0.7.0-0',
300 silly addNameRange   hasData: true }
301 silly addNameRange versions [ 'gulp-watch',
301 silly addNameRange   [ '0.0.1',
301 silly addNameRange     '0.0.2',
301 silly addNameRange     '0.0.3',
301 silly addNameRange     '0.0.4',
301 silly addNameRange     '0.1.0',
301 silly addNameRange     '0.1.1',
301 silly addNameRange     '0.1.2',
301 silly addNameRange     '0.1.3',
301 silly addNameRange     '0.2.0',
301 silly addNameRange     '0.2.1',
301 silly addNameRange     '0.2.2',
301 silly addNameRange     '0.2.3',
301 silly addNameRange     '0.2.4',
301 silly addNameRange     '0.2.5',
301 silly addNameRange     '0.2.6',
301 silly addNameRange     '0.2.7',
301 silly addNameRange     '0.3.0',
301 silly addNameRange     '0.3.1',
301 silly addNameRange     '0.3.2',
301 silly addNameRange     '0.3.3',
301 silly addNameRange     '0.3.4',
301 silly addNameRange     '0.4.0',
301 silly addNameRange     '0.4.1',
301 silly addNameRange     '0.4.2',
301 silly addNameRange     '0.5.0',
301 silly addNameRange     '0.5.2',
301 silly addNameRange     '0.5.3',
301 silly addNameRange     '0.5.4',
301 silly addNameRange     '0.6.0',
301 silly addNameRange     '0.6.1',
301 silly addNameRange     '0.6.2',
301 silly addNameRange     '0.6.3',
301 silly addNameRange     '0.6.4',
301 silly addNameRange     '0.6.5',
301 silly addNameRange     '0.6.6',
301 silly addNameRange     '0.7.0-alpha2',
301 silly addNameRange     '0.6.6-1',
301 silly addNameRange     '0.6.7',
301 silly addNameRange     '0.6.8',
301 silly addNameRange     '0.7.0-alpha3',
301 silly addNameRange     '0.6.9',
301 silly addNameRange     '0.6.10',
301 silly addNameRange     '0.7.0',
301 silly addNameRange     '0.7.1',
301 silly addNameRange     '1.0.0',
301 silly addNameRange     '1.0.2',
301 silly addNameRange     '1.0.3',
301 silly addNameRange     '1.0.4',
301 silly addNameRange     '1.0.5',
301 silly addNameRange     '1.0.6',
301 silly addNameRange     '1.0.7',
301 silly addNameRange     '1.1.0',
301 silly addNameRange     '1.2.0',
301 silly addNameRange     '1.0.8',
301 silly addNameRange     '1.1.1',
301 silly addNameRange     '1.2.1',
301 silly addNameRange     '2.0.0',
301 silly addNameRange     '3.0.0',
301 silly addNameRange     '4.0.0',
301 silly addNameRange     '4.0.1',
301 silly addNameRange     '4.0.2',
301 silly addNameRange     '4.0.3',
301 silly addNameRange     '4.1.0',
301 silly addNameRange     '4.1.1',
301 silly addNameRange     '4.2.0',
301 silly addNameRange     '4.2.1',
301 silly addNameRange     '4.2.2',
301 silly addNameRange     '4.2.3',
301 silly addNameRange     '4.2.4',
301 silly addNameRange     '4.2.5',
301 silly addNameRange     '4.3.0',
301 silly addNameRange     '4.3.1',
301 silly addNameRange     '4.3.2',
301 silly addNameRange     '4.3.3',
301 silly addNameRange     '4.3.4',
301 silly addNameRange     '4.3.5' ] ]
302 verbose addNamed [ 'gulp-watch', '0.6.10' ]
303 verbose addNamed [ '0.6.10', '0.6.10' ]
304 silly lockFile fb5278e4-gulp-watch-0-6-10 gulp-watch@0.6.10
305 verbose lock gulp-watch@0.6.10 /home/thinksmart/.npm/fb5278e4-gulp-watch-0-6-10.lock
306 silly lockFile 98540e0a-gulp-watch-gulp-watch-0-6-10-tgz https://registry.npmjs.org/gulp-watch/-/gulp-watch-0.6.10.tgz
307 verbose lock https://registry.npmjs.org/gulp-watch/-/gulp-watch-0.6.10.tgz /home/thinksmart/.npm/98540e0a-gulp-watch-gulp-watch-0-6-10-tgz.lock
308 verbose addRemoteTarball [ 'https://registry.npmjs.org/gulp-watch/-/gulp-watch-0.6.10.tgz',
308 verbose addRemoteTarball   'a3592cb8f2354430fb288ef85dfdd61d2094b924' ]
309 info retry fetch attempt 1 at 17:35:59
310 verbose fetch to= /tmp/npm-8243-b0hfTqNd/registry.npmjs.org/gulp-watch/-/gulp-watch-0.6.10.tgz
311 http GET https://registry.npmjs.org/gulp-watch/-/gulp-watch-0.6.10.tgz
312 silly addNameRange number 2 { name: 'gulp-jshint',
312 silly addNameRange   range: '>=1.8.4-0 <2.0.0-0',
312 silly addNameRange   hasData: true }
313 silly addNameRange versions [ 'gulp-jshint',
313 silly addNameRange   [ '0.0.1',
313 silly addNameRange     '0.1.0',
313 silly addNameRange     '1.0.0',
313 silly addNameRange     '1.1.0',
313 silly addNameRange     '1.2.0',
313 silly addNameRange     '1.3.0',
313 silly addNameRange     '1.3.1',
313 silly addNameRange     '1.3.2',
313 silly addNameRange     '1.3.3',
313 silly addNameRange     '1.3.4',
313 silly addNameRange     '1.4.0',
313 silly addNameRange     '1.4.1',
313 silly addNameRange     '1.4.2',
313 silly addNameRange     '1.5.0',
313 silly addNameRange     '1.5.1',
313 silly addNameRange     '1.5.2',
313 silly addNameRange     '1.5.3',
313 silly addNameRange     '1.5.4',
313 silly addNameRange     '1.5.5',
313 silly addNameRange     '1.5.6',
313 silly addNameRange     '1.6.0',
313 silly addNameRange     '1.6.1',
313 silly addNameRange     '1.6.2',
313 silly addNameRange     '1.6.3',
313 silly addNameRange     '1.6.4',
313 silly addNameRange     '1.7.0',
313 silly addNameRange     '1.7.1',
313 silly addNameRange     '1.8.0',
313 silly addNameRange     '1.8.1',
313 silly addNameRange     '1.8.2',
313 silly addNameRange     '1.8.3',
313 silly addNameRange     '1.8.4',
313 silly addNameRange     '1.8.5',
313 silly addNameRange     '1.8.6',
313 silly addNameRange     '1.9.0',
313 silly addNameRange     '1.9.2',
313 silly addNameRange     '1.9.3',
313 silly addNameRange     '1.9.4',
313 silly addNameRange     '1.10.0',
313 silly addNameRange     '1.11.0',
313 silly addNameRange     '1.11.1',
313 silly addNameRange     '1.11.2' ] ]
314 verbose addNamed [ 'gulp-jshint', '1.11.2' ]
315 verbose addNamed [ '1.11.2', '1.11.2' ]
316 silly lockFile c3710df5-gulp-jshint-1-11-2 gulp-jshint@1.11.2
317 verbose lock gulp-jshint@1.11.2 /home/thinksmart/.npm/c3710df5-gulp-jshint-1-11-2.lock
318 silly lockFile c3710df5-gulp-jshint-1-11-2 gulp-jshint@1.11.2
319 silly lockFile c3710df5-gulp-jshint-1-11-2 gulp-jshint@1.11.2
320 silly lockFile ba46c3d3-gulp-jshint-1-8-4 gulp-jshint@^1.8.4
321 silly lockFile ba46c3d3-gulp-jshint-1-8-4 gulp-jshint@^1.8.4
322 http 200 https://registry.npmjs.org/mongojs
323 silly registry.get cb [ 200,
323 silly registry.get   { server: 'CouchDB/1.5.0 (Erlang OTP/R16B03)',
323 silly registry.get     etag: '"73G9BYBB6931FSA4FUMPUHJ2P"',
323 silly registry.get     'content-type': 'application/json',
323 silly registry.get     'cache-control': 'max-age=60',
323 silly registry.get     'content-length': '127188',
323 silly registry.get     'accept-ranges': 'bytes',
323 silly registry.get     date: 'Wed, 28 Oct 2015 10:37:46 GMT',
323 silly registry.get     via: '1.1 varnish',
323 silly registry.get     age: '0',
323 silly registry.get     connection: 'keep-alive',
323 silly registry.get     'x-served-by': 'cache-sin6920-SIN',
323 silly registry.get     'x-cache': 'HIT',
323 silly registry.get     'x-cache-hits': '1',
323 silly registry.get     'x-timer': 'S1446028666.313787,VS0,VE220',
323 silly registry.get     vary: 'Accept' } ]
324 silly addNameRange number 2 { name: 'mongojs', range: '>=0.14.0-0 <0.15.0-0', hasData: true }
325 silly addNameRange versions [ 'mongojs',
325 silly addNameRange   [ '0.1.0',
325 silly addNameRange     '0.1.1',
325 silly addNameRange     '0.1.4',
325 silly addNameRange     '0.1.5',
325 silly addNameRange     '0.1.6',
325 silly addNameRange     '0.1.8',
325 silly addNameRange     '0.1.9',
325 silly addNameRange     '0.2.0',
325 silly addNameRange     '0.2.1',
325 silly addNameRange     '0.2.2',
325 silly addNameRange     '0.2.3',
325 silly addNameRange     '0.2.4',
325 silly addNameRange     '0.2.5',
325 silly addNameRange     '0.2.6',
325 silly addNameRange     '0.3.0',
325 silly addNameRange     '0.3.1',
325 silly addNameRange     '0.3.2',
325 silly addNameRange     '0.4.0',
325 silly addNameRange     '0.4.1',
325 silly addNameRange     '0.4.2',
325 silly addNameRange     '0.4.3',
325 silly addNameRange     '0.4.4',
325 silly addNameRange     '0.4.5',
325 silly addNameRange     '0.4.6',
325 silly addNameRange     '0.5.0',
325 silly addNameRange     '0.5.1',
325 silly addNameRange     '0.6.0',
325 silly addNameRange     '0.6.1',
325 silly addNameRange     '0.6.2',
325 silly addNameRange     '0.6.3',
325 silly addNameRange     '0.6.4',
325 silly addNameRange     '0.7.0',
325 silly addNameRange     '0.7.1',
325 silly addNameRange     '0.7.2',
325 silly addNameRange     '0.7.3',
325 silly addNameRange     '0.7.4',
325 silly addNameRange     '0.7.5',
325 silly addNameRange     '0.7.6',
325 silly addNameRange     '0.7.7',
325 silly addNameRange     '0.7.8',
325 silly addNameRange     '0.7.9',
325 silly addNameRange     '0.7.10',
325 silly addNameRange     '0.7.11',
325 silly addNameRange     '0.7.13',
325 silly addNameRange     '0.7.14',
325 silly addNameRange     '0.7.15',
325 silly addNameRange     '0.7.16',
325 silly addNameRange     '0.7.17',
325 silly addNameRange     '0.8.0',
325 silly addNameRange     '0.8.1',
325 silly addNameRange     '0.9.0',
325 silly addNameRange     '0.9.1',
325 silly addNameRange     '0.9.2',
325 silly addNameRange     '0.9.3',
325 silly addNameRange     '0.9.4',
325 silly addNameRange     '0.9.5',
325 silly addNameRange     '0.9.6',
325 silly addNameRange     '0.9.7',
325 silly addNameRange     '0.9.8',
325 silly addNameRange     '0.9.9',
325 silly addNameRange     '0.9.10',
325 silly addNameRange     '0.9.11',
325 silly addNameRange     '0.10.0',
325 silly addNameRange     '0.10.1',
325 silly addNameRange     '0.11.0',
325 silly addNameRange     '0.11.1',
325 silly addNameRange     '0.12.0',
325 silly addNameRange     '0.12.1',
325 silly addNameRange     '0.13.0',
325 silly addNameRange     '0.13.1',
325 silly addNameRange     '0.14.0',
325 silly addNameRange     '0.14.1',
325 silly addNameRange     '0.14.2',
325 silly addNameRange     '0.15.0',
325 silly addNameRange     '0.15.1',
325 silly addNameRange     '0.16.0',
325 silly addNameRange     '0.17.0',
325 silly addNameRange     '0.18.0',
325 silly addNameRange     '0.18.1',
325 silly addNameRange     '0.18.2',
325 silly addNameRange     '1.0.0-beta1',
325 silly addNameRange     '1.0.0-beta2',
325 silly addNameRange     '1.0.0-beta3',
325 silly addNameRange     '1.0.0-beta4',
325 silly addNameRange     '1.0.0',
325 silly addNameRange     '1.0.1',
325 silly addNameRange     '1.0.2',
325 silly addNameRange     '1.1.0',
325 silly addNameRange     '1.2.0',
325 silly addNameRange     '1.2.1',
325 silly addNameRange     '1.3.0',
325 silly addNameRange     '1.4.0',
325 silly addNameRange     '1.4.1' ] ]
326 verbose addNamed [ 'mongojs', '0.14.2' ]
327 verbose addNamed [ '0.14.2', '0.14.2' ]
328 silly lockFile f4eebae8-mongojs-0-14-2 mongojs@0.14.2
329 verbose lock mongojs@0.14.2 /home/thinksmart/.npm/f4eebae8-mongojs-0-14-2.lock
330 silly lockFile 89280e54-s-org-mongojs-mongojs-0-14-2-tgz https://registry.npmjs.org/mongojs/-/mongojs-0.14.2.tgz
331 verbose lock https://registry.npmjs.org/mongojs/-/mongojs-0.14.2.tgz /home/thinksmart/.npm/89280e54-s-org-mongojs-mongojs-0-14-2-tgz.lock
332 verbose addRemoteTarball [ 'https://registry.npmjs.org/mongojs/-/mongojs-0.14.2.tgz',
332 verbose addRemoteTarball   'cd79ee1ba0758f958b2dc62e52bf7e33ea4a90c3' ]
333 info retry fetch attempt 1 at 17:35:59
334 verbose fetch to= /tmp/npm-8243-b0hfTqNd/registry.npmjs.org/mongojs/-/mongojs-0.14.2.tgz
335 http GET https://registry.npmjs.org/mongojs/-/mongojs-0.14.2.tgz
336 http 200 https://registry.npmjs.org/body-parser
337 silly registry.get cb [ 200,
337 silly registry.get   { server: 'CouchDB/1.5.0 (Erlang OTP/R16B03)',
337 silly registry.get     etag: '"5ZREZ402QKO7KY7B5NXZDVUXJ"',
337 silly registry.get     'content-type': 'application/json',
337 silly registry.get     'cache-control': 'max-age=60',
337 silly registry.get     'content-length': '110684',
337 silly registry.get     'accept-ranges': 'bytes',
337 silly registry.get     date: 'Wed, 28 Oct 2015 10:37:47 GMT',
337 silly registry.get     via: '1.1 varnish',
337 silly registry.get     age: '9',
337 silly registry.get     connection: 'keep-alive',
337 silly registry.get     'x-served-by': 'cache-sin6927-SIN',
337 silly registry.get     'x-cache': 'HIT',
337 silly registry.get     'x-cache-hits': '2',
337 silly registry.get     'x-timer': 'S1446028667.127003,VS0,VE0',
337 silly registry.get     vary: 'Accept' } ]
338 http 304 https://registry.npmjs.org/ejs
339 silly registry.get cb [ 304,
339 silly registry.get   { date: 'Wed, 28 Oct 2015 10:37:49 GMT',
339 silly registry.get     via: '1.1 varnish',
339 silly registry.get     'cache-control': 'max-age=60',
339 silly registry.get     etag: '"DTDH5CLNY0NPHXDZ72601SXBI"',
339 silly registry.get     age: '44',
339 silly registry.get     connection: 'keep-alive',
339 silly registry.get     'x-served-by': 'cache-sin6922-SIN',
339 silly registry.get     'x-cache': 'HIT',
339 silly registry.get     'x-cache-hits': '2',
339 silly registry.get     'x-timer': 'S1446028669.148515,VS0,VE0',
339 silly registry.get     vary: 'Accept' } ]
340 verbose etag https://registry.npmjs.org/ejs from cache
341 silly addNameRange number 2 { name: 'body-parser',
341 silly addNameRange   range: '>=1.6.5-0 <2.0.0-0',
341 silly addNameRange   hasData: true }
342 silly addNameRange versions [ 'body-parser',
342 silly addNameRange   [ '1.0.0',
342 silly addNameRange     '1.0.1',
342 silly addNameRange     '1.0.2',
342 silly addNameRange     '1.1.0',
342 silly addNameRange     '1.1.1',
342 silly addNameRange     '1.1.2',
342 silly addNameRange     '1.2.0',
342 silly addNameRange     '1.2.1',
342 silly addNameRange     '1.2.2',
342 silly addNameRange     '1.3.0',
342 silly addNameRange     '1.3.1',
342 silly addNameRange     '1.4.0',
342 silly addNameRange     '1.4.1',
342 silly addNameRange     '1.4.2',
342 silly addNameRange     '1.4.3',
342 silly addNameRange     '1.5.0',
342 silly addNameRange     '1.5.1',
342 silly addNameRange     '1.5.2',
342 silly addNameRange     '1.6.0',
342 silly addNameRange     '1.6.1',
342 silly addNameRange     '1.6.2',
342 silly addNameRange     '1.6.3',
342 silly addNameRange     '1.6.4',
342 silly addNameRange     '1.6.5',
342 silly addNameRange     '1.6.6',
342 silly addNameRange     '1.6.7',
342 silly addNameRange     '1.7.0',
342 silly addNameRange     '1.8.0',
342 silly addNameRange     '1.8.1',
342 silly addNameRange     '1.8.2',
342 silly addNameRange     '1.8.3',
342 silly addNameRange     '1.8.4',
342 silly addNameRange     '1.9.0',
342 silly addNameRange     '1.9.1',
342 silly addNameRange     '1.9.2',
342 silly addNameRange     '1.9.3',
342 silly addNameRange     '1.10.0',
342 silly addNameRange     '1.10.1',
342 silly addNameRange     '1.10.2',
342 silly addNameRange     '1.11.0',
342 silly addNameRange     '1.12.0',
342 silly addNameRange     '1.12.1',
342 silly addNameRange     '1.12.2',
342 silly addNameRange     '1.12.3',
342 silly addNameRange     '1.12.4',
342 silly addNameRange     '1.13.0',
342 silly addNameRange     '1.13.1',
342 silly addNameRange     '1.13.2',
342 silly addNameRange     '1.13.3',
342 silly addNameRange     '1.14.0',
342 silly addNameRange     '1.14.1' ] ]
343 verbose addNamed [ 'body-parser', '1.14.1' ]
344 verbose addNamed [ '1.14.1', '1.14.1' ]
345 silly lockFile 37e3018c-body-parser-1-14-1 body-parser@1.14.1
346 verbose lock body-parser@1.14.1 /home/thinksmart/.npm/37e3018c-body-parser-1-14-1.lock
347 silly addNameRange number 2 { name: 'ejs', range: '>=1.0.0-0 <2.0.0-0', hasData: true }
348 silly addNameRange versions [ 'ejs',
348 silly addNameRange   [ '0.0.1',
348 silly addNameRange     '0.0.2',
348 silly addNameRange     '0.0.3',
348 silly addNameRange     '0.0.4',
348 silly addNameRange     '0.1.0',
348 silly addNameRange     '0.2.0',
348 silly addNameRange     '0.2.1',
348 silly addNameRange     '0.3.0',
348 silly addNameRange     '0.3.1',
348 silly addNameRange     '0.4.0',
348 silly addNameRange     '0.4.1',
348 silly addNameRange     '0.4.2',
348 silly addNameRange     '0.4.3',
348 silly addNameRange     '0.5.0',
348 silly addNameRange     '0.6.0',
348 silly addNameRange     '0.6.1',
348 silly addNameRange     '0.7.0',
348 silly addNameRange     '0.7.1',
348 silly addNameRange     '0.7.2',
348 silly addNameRange     '0.8.0',
348 silly addNameRange     '0.8.1',
348 silly addNameRange     '0.8.2',
348 silly addNameRange     '0.8.3',
348 silly addNameRange     '0.8.4',
348 silly addNameRange     '0.8.5',
348 silly addNameRange     '0.8.6',
348 silly addNameRange     '0.8.8',
348 silly addNameRange     '1.0.0',
348 silly addNameRange     '2.0.2',
348 silly addNameRange     '2.0.3',
348 silly addNameRange     '2.0.4',
348 silly addNameRange     '2.0.5',
348 silly addNameRange     '2.0.6',
348 silly addNameRange     '2.0.7',
348 silly addNameRange     '2.0.8',
348 silly addNameRange     '2.1.1',
348 silly addNameRange     '2.1.2',
348 silly addNameRange     '2.1.3',
348 silly addNameRange     '2.1.4',
348 silly addNameRange     '2.2.1',
348 silly addNameRange     '2.2.2',
348 silly addNameRange     '2.2.3',
348 silly addNameRange     '2.2.4',
348 silly addNameRange     '2.3.1',
348 silly addNameRange     '2.3.2',
348 silly addNameRange     '2.3.3',
348 silly addNameRange     '2.3.4' ] ]
349 verbose addNamed [ 'ejs', '1.0.0' ]
350 verbose addNamed [ '1.0.0', '1.0.0' ]
351 silly lockFile 3b9d58f7-ejs-1-0-0 ejs@1.0.0
352 verbose lock ejs@1.0.0 /home/thinksmart/.npm/3b9d58f7-ejs-1-0-0.lock
353 silly lockFile 2583a321-stry-npmjs-org-ejs-ejs-1-0-0-tgz https://registry.npmjs.org/ejs/-/ejs-1.0.0.tgz
354 verbose lock https://registry.npmjs.org/ejs/-/ejs-1.0.0.tgz /home/thinksmart/.npm/2583a321-stry-npmjs-org-ejs-ejs-1-0-0-tgz.lock
355 verbose addRemoteTarball [ 'https://registry.npmjs.org/ejs/-/ejs-1.0.0.tgz',
355 verbose addRemoteTarball   'c9c60a48a46ee452fb32a71c317b95e5aa1fcb3d' ]
356 info retry fetch attempt 1 at 17:35:59
357 verbose fetch to= /tmp/npm-8243-b0hfTqNd/registry.npmjs.org/ejs/-/ejs-1.0.0.tgz
358 http GET https://registry.npmjs.org/ejs/-/ejs-1.0.0.tgz
359 silly lockFile 37e3018c-body-parser-1-14-1 body-parser@1.14.1
360 silly lockFile 37e3018c-body-parser-1-14-1 body-parser@1.14.1
361 silly lockFile bba87e0b-body-parser-1-6-5 body-parser@^1.6.5
362 silly lockFile bba87e0b-body-parser-1-6-5 body-parser@^1.6.5
363 http 200 https://registry.npmjs.org/gulp-livereload
364 silly registry.get cb [ 200,
364 silly registry.get   { server: 'CouchDB/1.5.0 (Erlang OTP/R16B03)',
364 silly registry.get     etag: '"DF5T37BGDMIHJFEWC2BW87Q0T"',
364 silly registry.get     'content-type': 'application/json',
364 silly registry.get     'cache-control': 'max-age=60',
364 silly registry.get     'content-length': '35952',
364 silly registry.get     'accept-ranges': 'bytes',
364 silly registry.get     date: 'Wed, 28 Oct 2015 10:37:49 GMT',
364 silly registry.get     via: '1.1 varnish',
364 silly registry.get     age: '0',
364 silly registry.get     connection: 'keep-alive',
364 silly registry.get     'x-served-by': 'cache-sin6920-SIN',
364 silly registry.get     'x-cache': 'HIT',
364 silly registry.get     'x-cache-hits': '1',
364 silly registry.get     'x-timer': 'S1446028669.536235,VS0,VE207',
364 silly registry.get     vary: 'Accept' } ]
365 silly addNameRange number 2 { name: 'gulp-livereload',
365 silly addNameRange   range: '>=2.1.1-0 <3.0.0-0',
365 silly addNameRange   hasData: true }
366 silly addNameRange versions [ 'gulp-livereload',
366 silly addNameRange   [ '0.1.1',
366 silly addNameRange     '0.2.0',
366 silly addNameRange     '0.3.0',
366 silly addNameRange     '0.3.1',
366 silly addNameRange     '0.3.2',
366 silly addNameRange     '1.0.0',
366 silly addNameRange     '1.0.1',
366 silly addNameRange     '1.1.0',
366 silly addNameRange     '1.1.1',
366 silly addNameRange     '1.2.0',
366 silly addNameRange     '1.3.1',
366 silly addNameRange     '1.4.1',
366 silly addNameRange     '1.4.2',
366 silly addNameRange     '1.5.0',
366 silly addNameRange     '2.0.0',
366 silly addNameRange     '2.1.0',
366 silly addNameRange     '2.1.1',
366 silly addNameRange     '3.0.0',
366 silly addNameRange     '3.0.1',
366 silly addNameRange     '3.0.2',
366 silly addNameRange     '3.1.0',
366 silly addNameRange     '3.2.0',
366 silly addNameRange     '3.3.0',
366 silly addNameRange     '3.4.0',
366 silly addNameRange     '3.5.0',
366 silly addNameRange     '3.6.0',
366 silly addNameRange     '3.7.0',
366 silly addNameRange     '3.8.0',
366 silly addNameRange     '3.8.1' ] ]
367 verbose addNamed [ 'gulp-livereload', '2.1.1' ]
368 verbose addNamed [ '2.1.1', '2.1.1' ]
369 silly lockFile e881b615-gulp-livereload-2-1-1 gulp-livereload@2.1.1
370 verbose lock gulp-livereload@2.1.1 /home/thinksmart/.npm/e881b615-gulp-livereload-2-1-1.lock
371 silly lockFile 854919d4-reload-gulp-livereload-2-1-1-tgz https://registry.npmjs.org/gulp-livereload/-/gulp-livereload-2.1.1.tgz
372 verbose lock https://registry.npmjs.org/gulp-livereload/-/gulp-livereload-2.1.1.tgz /home/thinksmart/.npm/854919d4-reload-gulp-livereload-2-1-1-tgz.lock
373 verbose addRemoteTarball [ 'https://registry.npmjs.org/gulp-livereload/-/gulp-livereload-2.1.1.tgz',
373 verbose addRemoteTarball   'e47f4c71e96b40dbfc13521d287bad8e23f6559e' ]
374 info retry fetch attempt 1 at 17:36:00
375 verbose fetch to= /tmp/npm-8243-b0hfTqNd/registry.npmjs.org/gulp-livereload/-/gulp-livereload-2.1.1.tgz
376 http GET https://registry.npmjs.org/gulp-livereload/-/gulp-livereload-2.1.1.tgz
377 http 200 https://registry.npmjs.org/cookie-parser
378 silly registry.get cb [ 200,
378 silly registry.get   { server: 'CouchDB/1.5.0 (Erlang OTP/R16B03)',
378 silly registry.get     etag: '"75L4BXUCQOB9UTAYPP1B633IL"',
378 silly registry.get     'content-type': 'application/json',
378 silly registry.get     'cache-control': 'max-age=60',
378 silly registry.get     'content-length': '20099',
378 silly registry.get     'accept-ranges': 'bytes',
378 silly registry.get     date: 'Wed, 28 Oct 2015 10:37:49 GMT',
378 silly registry.get     via: '1.1 varnish',
378 silly registry.get     age: '0',
378 silly registry.get     connection: 'keep-alive',
378 silly registry.get     'x-served-by': 'cache-sin6927-SIN',
378 silly registry.get     'x-cache': 'HIT',
378 silly registry.get     'x-cache-hits': '1',
378 silly registry.get     'x-timer': 'S1446028669.604030,VS0,VE204',
378 silly registry.get     vary: 'Accept' } ]
379 silly addNameRange number 2 { name: 'cookie-parser',
379 silly addNameRange   range: '>=1.3.2-0 <2.0.0-0',
379 silly addNameRange   hasData: true }
380 silly addNameRange versions [ 'cookie-parser',
380 silly addNameRange   [ '1.0.0',
380 silly addNameRange     '1.0.1',
380 silly addNameRange     '1.1.0',
380 silly addNameRange     '1.2.0',
380 silly addNameRange     '1.3.0',
380 silly addNameRange     '1.3.1',
380 silly addNameRange     '1.3.2',
380 silly addNameRange     '1.3.3',
380 silly addNameRange     '1.3.4',
380 silly addNameRange     '1.3.5',
380 silly addNameRange     '1.4.0' ] ]
381 verbose addNamed [ 'cookie-parser', '1.4.0' ]
382 verbose addNamed [ '1.4.0', '1.4.0' ]
383 silly lockFile 4a3a7453-cookie-parser-1-4-0 cookie-parser@1.4.0
384 verbose lock cookie-parser@1.4.0 /home/thinksmart/.npm/4a3a7453-cookie-parser-1-4-0.lock
385 silly lockFile 26660397-e-parser-cookie-parser-1-4-0-tgz https://registry.npmjs.org/cookie-parser/-/cookie-parser-1.4.0.tgz
386 verbose lock https://registry.npmjs.org/cookie-parser/-/cookie-parser-1.4.0.tgz /home/thinksmart/.npm/26660397-e-parser-cookie-parser-1-4-0-tgz.lock
387 verbose addRemoteTarball [ 'https://registry.npmjs.org/cookie-parser/-/cookie-parser-1.4.0.tgz',
387 verbose addRemoteTarball   '73323d5a7de341078c446109c622d2f7008164ee' ]
388 info retry fetch attempt 1 at 17:36:00
389 verbose fetch to= /tmp/npm-8243-b0hfTqNd/registry.npmjs.org/cookie-parser/-/cookie-parser-1.4.0.tgz
390 http GET https://registry.npmjs.org/cookie-parser/-/cookie-parser-1.4.0.tgz
391 http 200 https://registry.npmjs.org/gulp-nodemon/-/gulp-nodemon-1.0.5.tgz
392 silly lockFile 9275cef1-p-nodemon-gulp-nodemon-1-0-5-tgz https://registry.npmjs.org/gulp-nodemon/-/gulp-nodemon-1.0.5.tgz
393 silly lockFile 9275cef1-p-nodemon-gulp-nodemon-1-0-5-tgz https://registry.npmjs.org/gulp-nodemon/-/gulp-nodemon-1.0.5.tgz
394 silly lockFile cba081b0-gulp-nodemon-1-0-5 gulp-nodemon@1.0.5
395 silly lockFile cba081b0-gulp-nodemon-1-0-5 gulp-nodemon@1.0.5
396 silly lockFile ac7cb6f0-gulp-nodemon-1-0-4 gulp-nodemon@^1.0.4
397 silly lockFile ac7cb6f0-gulp-nodemon-1-0-4 gulp-nodemon@^1.0.4
398 http 200 https://registry.npmjs.org/gulp
399 silly registry.get cb [ 200,
399 silly registry.get   { server: 'CouchDB/1.5.0 (Erlang OTP/R16B03)',
399 silly registry.get     etag: '"8DV4AXX67CQIP98HYX46D7CHI"',
399 silly registry.get     'content-type': 'application/json',
399 silly registry.get     'cache-control': 'max-age=60',
399 silly registry.get     'content-length': '107382',
399 silly registry.get     'accept-ranges': 'bytes',
399 silly registry.get     date: 'Wed, 28 Oct 2015 10:37:47 GMT',
399 silly registry.get     via: '1.1 varnish',
399 silly registry.get     age: '0',
399 silly registry.get     connection: 'keep-alive',
399 silly registry.get     'x-served-by': 'cache-sin6921-SIN',
399 silly registry.get     'x-cache': 'HIT',
399 silly registry.get     'x-cache-hits': '1',
399 silly registry.get     'x-timer': 'S1446028667.213191,VS0,VE212',
399 silly registry.get     vary: 'Accept' } ]
400 http 304 https://registry.npmjs.org/morgan
401 silly registry.get cb [ 304,
401 silly registry.get   { date: 'Wed, 28 Oct 2015 10:37:49 GMT',
401 silly registry.get     via: '1.1 varnish',
401 silly registry.get     'cache-control': 'max-age=60',
401 silly registry.get     etag: '"4XUYK78AX6OPW2P3IXCSVOVFR"',
401 silly registry.get     age: '0',
401 silly registry.get     connection: 'keep-alive',
401 silly registry.get     'x-served-by': 'cache-sin6922-SIN',
401 silly registry.get     'x-cache': 'HIT',
401 silly registry.get     'x-cache-hits': '1',
401 silly registry.get     'x-timer': 'S1446028669.605555,VS0,VE811',
401 silly registry.get     vary: 'Accept' } ]
402 verbose etag https://registry.npmjs.org/morgan from cache
403 silly addNameRange number 2 { name: 'morgan', range: '>=1.2.3-0 <2.0.0-0', hasData: true }
404 silly addNameRange versions [ 'morgan',
404 silly addNameRange   [ '1.0.0',
404 silly addNameRange     '1.0.1',
404 silly addNameRange     '1.1.0',
404 silly addNameRange     '1.1.1',
404 silly addNameRange     '1.2.0',
404 silly addNameRange     '1.2.1',
404 silly addNameRange     '1.2.2',
404 silly addNameRange     '1.2.3',
404 silly addNameRange     '1.3.0',
404 silly addNameRange     '1.3.1',
404 silly addNameRange     '1.3.2',
404 silly addNameRange     '1.4.0',
404 silly addNameRange     '1.4.1',
404 silly addNameRange     '1.5.0',
404 silly addNameRange     '1.5.1',
404 silly addNameRange     '1.5.2',
404 silly addNameRange     '1.5.3',
404 silly addNameRange     '1.6.0',
404 silly addNameRange     '1.6.1' ] ]
405 verbose addNamed [ 'morgan', '1.6.1' ]
406 verbose addNamed [ '1.6.1', '1.6.1' ]
407 silly lockFile 4ffca82c-morgan-1-6-1 morgan@1.6.1
408 verbose lock morgan@1.6.1 /home/thinksmart/.npm/4ffca82c-morgan-1-6-1.lock
409 silly addNameRange number 2 { name: 'gulp', range: '>=3.8.7-0 <4.0.0-0', hasData: true }
410 silly addNameRange versions [ 'gulp',
410 silly addNameRange   [ '0.0.1',
410 silly addNameRange     '0.0.2',
410 silly addNameRange     '0.0.3',
410 silly addNameRange     '0.0.4',
410 silly addNameRange     '0.0.5',
410 silly addNameRange     '0.0.7',
410 silly addNameRange     '0.0.8',
410 silly addNameRange     '0.0.9',
410 silly addNameRange     '0.1.0',
410 silly addNameRange     '0.2.0',
410 silly addNameRange     '1.0.0',
410 silly addNameRange     '1.1.0',
410 silly addNameRange     '1.2.0',
410 silly addNameRange     '1.2.1',
410 silly addNameRange     '2.0.0',
410 silly addNameRange     '2.0.1',
410 silly addNameRange     '2.1.0',
410 silly addNameRange     '2.2.0',
410 silly addNameRange     '2.3.0',
410 silly addNameRange     '2.4.0',
410 silly addNameRange     '2.4.1',
410 silly addNameRange     '2.6.0',
410 silly addNameRange     '2.6.1',
410 silly addNameRange     '2.7.0',
410 silly addNameRange     '3.0.0',
410 silly addNameRange     '3.1.1',
410 silly addNameRange     '3.1.2',
410 silly addNameRange     '3.1.3',
410 silly addNameRange     '3.1.4',
410 silly addNameRange     '3.2.0',
410 silly addNameRange     '3.2.1',
410 silly addNameRange     '3.2.2',
410 silly addNameRange     '3.2.3',
410 silly addNameRange     '3.2.4',
410 silly addNameRange     '3.2.5',
410 silly addNameRange     '3.3.0',
410 silly addNameRange     '3.3.1',
410 silly addNameRange     '3.3.2',
410 silly addNameRange     '3.3.4',
410 silly addNameRange     '3.4.0',
410 silly addNameRange     '3.5.0',
410 silly addNameRange     '3.5.1',
410 silly addNameRange     '3.5.2',
410 silly addNameRange     '3.5.5',
410 silly addNameRange     '3.5.6',
410 silly addNameRange     '3.6.0',
410 silly addNameRange     '3.6.1',
410 silly addNameRange     '3.6.2',
410 silly addNameRange     '3.7.0',
410 silly addNameRange     '3.8.0',
410 silly addNameRange     '3.8.1',
410 silly addNameRange     '3.8.2',
410 silly addNameRange     '3.8.3',
410 silly addNameRange     '3.8.4',
410 silly addNameRange     '3.8.5',
410 silly addNameRange     '3.8.6',
410 silly addNameRange     '3.8.7',
410 silly addNameRange     '3.8.8',
410 silly addNameRange     '3.8.9',
410 silly addNameRange     '3.8.10',
410 silly addNameRange     '3.8.11',
410 silly addNameRange     '3.9.0' ] ]
411 verbose addNamed [ 'gulp', '3.9.0' ]
412 verbose addNamed [ '3.9.0', '3.9.0' ]
413 silly lockFile c2697a61-gulp-3-9-0 gulp@3.9.0
414 verbose lock gulp@3.9.0 /home/thinksmart/.npm/c2697a61-gulp-3-9-0.lock
415 http 200 https://registry.npmjs.org/forever/-/forever-0.11.1.tgz
416 silly lockFile 4ffca82c-morgan-1-6-1 morgan@1.6.1
417 silly lockFile 4ffca82c-morgan-1-6-1 morgan@1.6.1
418 silly lockFile 9aaf96cf-morgan-1-2-3 morgan@^1.2.3
419 silly lockFile 9aaf96cf-morgan-1-2-3 morgan@^1.2.3
420 silly lockFile c2697a61-gulp-3-9-0 gulp@3.9.0
421 silly lockFile c2697a61-gulp-3-9-0 gulp@3.9.0
422 silly lockFile f00a0921-gulp-3-8-7 gulp@^3.8.7
423 silly lockFile f00a0921-gulp-3-8-7 gulp@^3.8.7
424 silly lockFile 10f1a948-s-org-forever-forever-0-11-1-tgz https://registry.npmjs.org/forever/-/forever-0.11.1.tgz
425 silly lockFile 10f1a948-s-org-forever-forever-0-11-1-tgz https://registry.npmjs.org/forever/-/forever-0.11.1.tgz
426 silly lockFile 4466a206-forever-0-11-1 forever@0.11.1
427 silly lockFile 4466a206-forever-0-11-1 forever@0.11.1
428 silly lockFile 969906b6-forever-0-11-1 forever@^0.11.1
429 silly lockFile 969906b6-forever-0-11-1 forever@^0.11.1
430 http 200 https://registry.npmjs.org/gulp-livereload/-/gulp-livereload-2.1.1.tgz
431 silly lockFile 854919d4-reload-gulp-livereload-2-1-1-tgz https://registry.npmjs.org/gulp-livereload/-/gulp-livereload-2.1.1.tgz
432 silly lockFile 854919d4-reload-gulp-livereload-2-1-1-tgz https://registry.npmjs.org/gulp-livereload/-/gulp-livereload-2.1.1.tgz
433 silly lockFile e881b615-gulp-livereload-2-1-1 gulp-livereload@2.1.1
434 silly lockFile e881b615-gulp-livereload-2-1-1 gulp-livereload@2.1.1
435 silly lockFile 6983c389-gulp-livereload-2-1-1 gulp-livereload@^2.1.1
436 silly lockFile 6983c389-gulp-livereload-2-1-1 gulp-livereload@^2.1.1
437 http 200 https://registry.npmjs.org/cookie-parser/-/cookie-parser-1.4.0.tgz
438 silly lockFile 26660397-e-parser-cookie-parser-1-4-0-tgz https://registry.npmjs.org/cookie-parser/-/cookie-parser-1.4.0.tgz
439 silly lockFile 26660397-e-parser-cookie-parser-1-4-0-tgz https://registry.npmjs.org/cookie-parser/-/cookie-parser-1.4.0.tgz
440 silly lockFile 4a3a7453-cookie-parser-1-4-0 cookie-parser@1.4.0
441 silly lockFile 4a3a7453-cookie-parser-1-4-0 cookie-parser@1.4.0
442 silly lockFile 8b931cd2-cookie-parser-1-3-2 cookie-parser@^1.3.2
443 silly lockFile 8b931cd2-cookie-parser-1-3-2 cookie-parser@^1.3.2
444 http 200 https://registry.npmjs.org/gulp-watch/-/gulp-watch-0.6.10.tgz
445 silly lockFile 98540e0a-gulp-watch-gulp-watch-0-6-10-tgz https://registry.npmjs.org/gulp-watch/-/gulp-watch-0.6.10.tgz
446 silly lockFile 98540e0a-gulp-watch-gulp-watch-0-6-10-tgz https://registry.npmjs.org/gulp-watch/-/gulp-watch-0.6.10.tgz
447 silly lockFile fb5278e4-gulp-watch-0-6-10 gulp-watch@0.6.10
448 silly lockFile fb5278e4-gulp-watch-0-6-10 gulp-watch@0.6.10
449 silly lockFile e1863bfd-gulp-watch-0-6-9 gulp-watch@^0.6.9
450 silly lockFile e1863bfd-gulp-watch-0-6-9 gulp-watch@^0.6.9
451 http 200 https://registry.npmjs.org/ejs/-/ejs-1.0.0.tgz
452 silly lockFile 2583a321-stry-npmjs-org-ejs-ejs-1-0-0-tgz https://registry.npmjs.org/ejs/-/ejs-1.0.0.tgz
453 silly lockFile 2583a321-stry-npmjs-org-ejs-ejs-1-0-0-tgz https://registry.npmjs.org/ejs/-/ejs-1.0.0.tgz
454 silly lockFile 3b9d58f7-ejs-1-0-0 ejs@1.0.0
455 silly lockFile 3b9d58f7-ejs-1-0-0 ejs@1.0.0
456 silly lockFile b798bccb-ejs-1-0-0 ejs@^1.0.0
457 silly lockFile b798bccb-ejs-1-0-0 ejs@^1.0.0
458 http 200 https://registry.npmjs.org/mongojs/-/mongojs-0.14.2.tgz
459 silly lockFile 89280e54-s-org-mongojs-mongojs-0-14-2-tgz https://registry.npmjs.org/mongojs/-/mongojs-0.14.2.tgz
460 silly lockFile 89280e54-s-org-mongojs-mongojs-0-14-2-tgz https://registry.npmjs.org/mongojs/-/mongojs-0.14.2.tgz
461 silly lockFile f4eebae8-mongojs-0-14-2 mongojs@0.14.2
462 silly lockFile f4eebae8-mongojs-0-14-2 mongojs@0.14.2
463 silly lockFile 799f2697-mongojs-0-14-0 mongojs@^0.14.0
464 silly lockFile 799f2697-mongojs-0-14-0 mongojs@^0.14.0
465 http 200 https://registry.npmjs.org/express
466 silly registry.get cb [ 200,
466 silly registry.get   { server: 'CouchDB/1.5.0 (Erlang OTP/R16B03)',
466 silly registry.get     etag: '"4MP59HRGSS396GSJXBIIL0O35"',
466 silly registry.get     'content-type': 'application/json',
466 silly registry.get     'cache-control': 'max-age=60',
466 silly registry.get     'content-length': '527985',
466 silly registry.get     'accept-ranges': 'bytes',
466 silly registry.get     date: 'Wed, 28 Oct 2015 10:37:49 GMT',
466 silly registry.get     via: '1.1 varnish',
466 silly registry.get     age: '7',
466 silly registry.get     connection: 'keep-alive',
466 silly registry.get     'x-served-by': 'cache-sin6922-SIN',
466 silly registry.get     'x-cache': 'HIT',
466 silly registry.get     'x-cache-hits': '2',
466 silly registry.get     'x-timer': 'S1446028669.158997,VS0,VE0',
466 silly registry.get     vary: 'Accept' } ]
467 silly addNameRange number 2 { name: 'express', range: '>=4.8.5-0 <5.0.0-0', hasData: true }
468 silly addNameRange versions [ 'express',
468 silly addNameRange   [ '0.14.0',
468 silly addNameRange     '0.14.1',
468 silly addNameRange     '1.0.0',
468 silly addNameRange     '1.0.1',
468 silly addNameRange     '1.0.2',
468 silly addNameRange     '1.0.3',
468 silly addNameRange     '1.0.4',
468 silly addNameRange     '1.0.5',
468 silly addNameRange     '1.0.6',
468 silly addNameRange     '1.0.7',
468 silly addNameRange     '1.0.8',
468 silly addNameRange     '2.0.0',
468 silly addNameRange     '2.1.0',
468 silly addNameRange     '2.1.1',
468 silly addNameRange     '2.2.0',
468 silly addNameRange     '2.2.1',
468 silly addNameRange     '2.2.2',
468 silly addNameRange     '2.3.0',
468 silly addNameRange     '2.3.1',
468 silly addNameRange     '2.3.2',
468 silly addNameRange     '2.3.3',
468 silly addNameRange     '2.3.4',
468 silly addNameRange     '2.3.5',
468 silly addNameRange     '2.3.6',
468 silly addNameRange     '2.3.7',
468 silly addNameRange     '2.3.8',
468 silly addNameRange     '2.3.9',
468 silly addNameRange     '2.3.10',
468 silly addNameRange     '2.3.11',
468 silly addNameRange     '2.3.12',
468 silly addNameRange     '2.4.0',
468 silly addNameRange     '2.4.1',
468 silly addNameRange     '2.4.2',
468 silly addNameRange     '2.4.3',
468 silly addNameRange     '2.4.4',
468 silly addNameRange     '2.4.5',
468 silly addNameRange     '2.4.6',
468 silly addNameRange     '2.4.7',
468 silly addNameRange     '2.5.0',
468 silly addNameRange     '2.5.1',
468 silly addNameRange     '2.5.2',
468 silly addNameRange     '2.5.3',
468 silly addNameRange     '2.5.4',
468 silly addNameRange     '2.5.5',
468 silly addNameRange     '2.5.6',
468 silly addNameRange     '2.5.7',
468 silly addNameRange     '2.5.8',
468 silly addNameRange     '2.5.9',
468 silly addNameRange     '2.5.10',
468 silly addNameRange     '2.5.11',
468 silly addNameRange     '3.0.0',
468 silly addNameRange     '3.0.1',
468 silly addNameRange     '3.0.2',
468 silly addNameRange     '3.0.3',
468 silly addNameRange     '3.0.4',
468 silly addNameRange     '3.0.5',
468 silly addNameRange     '3.0.6',
468 silly addNameRange     '3.1.0',
468 silly addNameRange     '3.1.1',
468 silly addNameRange     '3.1.2',
468 silly addNameRange     '3.2.0',
468 silly addNameRange     '3.2.1',
468 silly addNameRange     '3.2.2',
468 silly addNameRange     '3.2.3',
468 silly addNameRange     '3.2.4',
468 silly addNameRange     '3.2.5',
468 silly addNameRange     '3.2.6',
468 silly addNameRange     '3.3.0',
468 silly addNameRange     '3.3.1',
468 silly addNameRange     '3.3.2',
468 silly addNameRange     '3.3.3',
468 silly addNameRange     '3.3.4',
468 silly addNameRange     '3.3.5',
468 silly addNameRange     '3.3.6',
468 silly addNameRange     '1.0.0-beta',
468 silly addNameRange     '1.0.0-beta2',
468 silly addNameRange     '1.0.0-rc',
468 silly addNameRange     '1.0.0-rc2',
468 silly addNameRange     '1.0.0-rc3',
468 silly addNameRange     '1.0.0-rc4',
468 silly addNameRange     '2.0.0-beta',
468 silly addNameRange     '2.0.0-beta2',
468 silly addNameRange     '2.0.0-beta3',
468 silly addNameRange     '2.0.0-rc',
468 silly addNameRange     '2.0.0-rc2',
468 silly addNameRange     '2.0.0-rc3',
468 silly addNameRange     '3.0.0-alpha1',
468 silly addNameRange     '3.0.0-alpha2',
468 silly addNameRange     '3.0.0-alpha3',
468 silly addNameRange     '3.0.0-alpha4',
468 silly addNameRange     '3.0.0-alpha5',
468 silly addNameRange     '3.0.0-beta1',
468 silly addNameRange     '3.0.0-beta2',
468 silly addNameRange     '3.0.0-beta3',
468 silly addNameRange     '3.0.0-beta4',
468 silly addNameRange     '3.0.0-beta6',
468 silly addNameRange     '3.0.0-beta7',
468 silly addNameRange     '3.0.0-rc1',
468 silly addNameRange     '3.0.0-rc2',
468 silly addNameRange     '3.0.0-rc3',
468 silly addNameRange     '3.0.0-rc4',
468 silly addNameRange     '3.0.0-rc5',
468 silly addNameRange     '3.3.7',
468 silly addNameRange     '3.3.8',
468 silly addNameRange     '3.4.0',
468 silly addNameRange     '3.4.1',
468 silly addNameRange     '3.4.2',
468 silly addNameRange     '3.4.3',
468 silly addNameRange     '3.4.4',
468 silly addNameRange     '3.4.5',
468 silly addNameRange     '3.4.6',
468 silly addNameRange     '3.4.7',
468 silly addNameRange     '3.4.8',
468 silly addNameRange     '4.0.0-rc1',
468 silly addNameRange     '4.0.0-rc2',
468 silly addNameRange     '3.5.0',
468 silly addNameRange     '4.0.0-rc3',
468 silly addNameRange     '4.0.0-rc4',
468 silly addNameRange     '3.5.1',
468 silly addNameRange     '4.0.0',
468 silly addNameRange     '3.5.2',
468 silly addNameRange     '4.1.0',
468 silly addNameRange     '4.1.1',
468 silly addNameRange     '3.5.3',
468 silly addNameRange     '4.1.2',
468 silly addNameRange     '3.6.0',
468 silly addNameRange     '4.2.0',
468 silly addNameRange     '3.7.0',
468 silly addNameRange     '3.8.0',
468 silly addNameRange     '4.3.0',
468 silly addNameRange     '4.3.1',
468 silly addNameRange     '3.8.1',
468 silly addNameRange     '4.3.2',
468 silly addNameRange     '3.9.0',
468 silly addNameRange     '4.4.0',
468 silly addNameRange     '4.4.1',
468 silly addNameRange     '3.10.0',
468 silly addNameRange     '3.10.1',
468 silly addNameRange     '3.10.2',
468 silly addNameRange     '3.10.3',
468 silly addNameRange     '3.10.4',
468 silly addNameRange     '4.4.2',
468 silly addNameRange     '3.10.5',
468 silly addNameRange     '4.4.3',
468 silly addNameRange     '3.11.0',
468 silly addNameRange     '4.4.4',
468 silly addNameRange     '3.12.0',
468 silly addNameRange     '3.12.1',
468 silly addNameRange     '4.4.5',
468 silly addNameRange     '3.13.0',
468 silly addNameRange     '4.5.0',
468 silly addNameRange     '4.5.1',
468 silly addNameRange     '3.14.0',
468 silly addNameRange     '4.6.0',
468 silly addNameRange     '4.6.1',
468 silly addNameRange     '3.15.0',
468 silly addNameRange     '4.7.0',
468 silly addNameRange     '3.15.1',
468 silly addNameRange     '4.7.1',
468 silly addNameRange     '3.15.2',
468 silly addNameRange     '4.7.2',
468 silly addNameRange     '4.7.3',
468 silly addNameRange     '3.15.3',
468 silly addNameRange     '4.7.4',
468 silly addNameRange     '3.16.0',
468 silly addNameRange     '4.8.0',
468 silly addNameRange     '3.16.1',
468 silly addNameRange     '4.8.1',
468 silly addNameRange     '3.16.2',
468 silly addNameRange     '4.8.2',
468 silly addNameRange     '3.16.3',
468 silly addNameRange     '3.16.4',
468 silly addNameRange     '4.8.3',
468 silly addNameRange     '3.16.5',
468 silly addNameRange     '3.16.6',
468 silly addNameRange     '4.8.4',
468 silly addNameRange     '3.16.7',
468 silly addNameRange     '4.8.5',
468 silly addNameRange     '3.16.8',
468 silly addNameRange     '4.8.6',
468 silly addNameRange     '3.16.9',
468 silly addNameRange     '4.8.7',
468 silly addNameRange     '3.16.10',
468 silly addNameRange     '4.8.8',
468 silly addNameRange     '3.17.0',
468 silly addNameRange     '3.17.1',
468 silly addNameRange     '4.9.0',
468 silly addNameRange     '3.17.2',
468 silly addNameRange     '4.9.1',
468 silly addNameRange     '4.9.2',
468 silly addNameRange     '3.17.3',
468 silly addNameRange     '4.9.3',
468 silly addNameRange     '3.17.4',
468 silly addNameRange     '4.9.4',
468 silly addNameRange     '3.17.5',
468 silly addNameRange     '4.9.5',
468 silly addNameRange     '3.17.6',
468 silly addNameRange     '3.17.7',
468 silly addNameRange     '4.9.6',
468 silly addNameRange     '4.9.7',
468 silly addNameRange     '3.17.8',
468 silly addNameRange     '4.9.8',
468 silly addNameRange     '3.18.0',
468 silly addNameRange     '3.18.1',
468 silly addNameRange     '4.10.0',
468 silly addNameRange     '3.18.2',
468 silly addNameRange     '4.10.1',
468 silly addNameRange     '5.0.0-alpha.1',
468 silly addNameRange     '3.18.3',
468 silly addNameRange     '4.10.2',
468 silly addNameRange     '3.18.4',
468 silly addNameRange     '4.10.3',
468 silly addNameRange     '4.10.4',
468 silly addNameRange     '4.10.5',
468 silly addNameRange     '3.18.5',
468 silly addNameRange     '3.18.6',
468 silly addNameRange     '4.10.6',
468 silly addNameRange     '4.10.7',
468 silly addNameRange     '3.19.0',
468 silly addNameRange     '4.10.8',
468 silly addNameRange     '4.11.0',
468 silly addNameRange     '3.19.1',
468 silly addNameRange     '4.11.1',
468 silly addNameRange     '3.19.2',
468 silly addNameRange     '4.11.2',
468 silly addNameRange     '3.20.0',
468 silly addNameRange     '4.12.0',
468 silly addNameRange     '3.20.1',
468 silly addNameRange     '4.12.1',
468 silly addNameRange     '4.12.2',
468 silly addNameRange     '3.20.2',
468 silly addNameRange     '4.12.3',
468 silly addNameRange     '3.20.3',
468 silly addNameRange     '4.12.4',
468 silly addNameRange     '3.21.0',
468 silly addNameRange     '4.13.0',
468 silly addNameRange     '3.21.1',
468 silly addNameRange     '4.13.1',
468 silly addNameRange     '5.0.0-alpha.2',
468 silly addNameRange     '3.21.2',
468 silly addNameRange     '4.13.2',
468 silly addNameRange     '4.13.3' ] ]
469 verbose addNamed [ 'express', '4.13.3' ]
470 verbose addNamed [ '4.13.3', '4.13.3' ]
471 silly lockFile 51f1744e-express-4-13-3 express@4.13.3
472 verbose lock express@4.13.3 /home/thinksmart/.npm/51f1744e-express-4-13-3.lock
473 silly lockFile 51f1744e-express-4-13-3 express@4.13.3
474 silly lockFile 51f1744e-express-4-13-3 express@4.13.3
475 silly lockFile f6704440-express-4-8-5 express@^4.8.5
476 silly lockFile f6704440-express-4-8-5 express@^4.8.5
477 error Error: EACCES, mkdir '/home/thinksmart/.npm/ejs/1.0.0'
477 error  { [Error: EACCES, mkdir '/home/thinksmart/.npm/ejs/1.0.0']
477 error   errno: 3,
477 error   code: 'EACCES',
477 error   path: '/home/thinksmart/.npm/ejs/1.0.0',
477 error   parent: 'TodoApp' }
478 error Please try running this command again as root/Administrator.
479 error System Linux 3.2.0-39-generic
480 error command "/usr/bin/node" "/usr/bin/npm" "install"
481 error cwd /home/thinksmart/SangPembelajar/MEAN-Todo-App
482 error node -v v0.10.37
483 error npm -v 1.4.28
484 error path /home/thinksmart/.npm/ejs/1.0.0
485 error code EACCES
486 error errno 3
487 error stack Error: EACCES, mkdir '/home/thinksmart/.npm/ejs/1.0.0'
488 verbose exit [ 3, true ]
